0 info it worked if it ends with ok
1 verbose cli [ '/usr/local/bin/node',
1 verbose cli   '/usr/local/bin/npm',
1 verbose cli   'install',
1 verbose cli   '--global',
1 verbose cli   'surge' ]
2 info using npm@2.15.8
3 info using node@v4.4.7
4 verbose install initial load of /usr/local/lib/package.json
5 verbose readDependencies loading dependencies from /usr/local/lib/package.json
6 silly cache add args [ 'surge', null ]
7 verbose cache add spec surge
8 silly cache add parsed spec Result {
8 silly cache add   raw: 'surge',
8 silly cache add   scope: null,
8 silly cache add   name: 'surge',
8 silly cache add   rawSpec: '',
8 silly cache add   spec: 'latest',
8 silly cache add   type: 'tag' }
9 silly addNamed surge@latest
10 verbose addNamed "latest" is being treated as a dist-tag for surge
11 info addNameTag [ 'surge', 'latest' ]
12 silly mapToRegistry name surge
13 silly mapToRegistry using default registry
14 silly mapToRegistry registry https://registry.npmjs.org/
15 silly mapToRegistry data Result {
15 silly mapToRegistry   raw: 'surge',
15 silly mapToRegistry   scope: null,
15 silly mapToRegistry   name: 'surge',
15 silly mapToRegistry   rawSpec: '',
15 silly mapToRegistry   spec: 'latest',
15 silly mapToRegistry   type: 'tag' }
16 silly mapToRegistry uri https://registry.npmjs.org/surge
17 verbose addNameTag registry:https://registry.npmjs.org/surge not in flight; fetching
18 verbose request uri https://registry.npmjs.org/surge
19 verbose request no auth needed
20 info attempt registry request try #1 at 6:11:16 PM
21 verbose request id f5b637be35635472
22 http request GET https://registry.npmjs.org/surge
23 http 200 https://registry.npmjs.org/surge
24 verbose headers { server: 'nginx/1.10.1',
24 verbose headers   'content-type': 'application/json',
24 verbose headers   'last-modified': 'Wed, 14 Jun 2017 22:24:08 GMT',
24 verbose headers   etag: 'W/"5941b788-d5fe"',
24 verbose headers   'content-encoding': 'gzip',
24 verbose headers   'cache-control': 'max-age=300',
24 verbose headers   'content-length': '6109',
24 verbose headers   'accept-ranges': 'bytes',
24 verbose headers   date: 'Tue, 20 Jun 2017 23:11:16 GMT',
24 verbose headers   via: '1.1 varnish',
24 verbose headers   age: '0',
24 verbose headers   connection: 'keep-alive',
24 verbose headers   'x-served-by': 'cache-ord1742-ORD',
24 verbose headers   'x-cache': 'HIT',
24 verbose headers   'x-cache-hits': '1',
24 verbose headers   'x-timer': 'S1498000276.385801,VS0,VE19',
24 verbose headers   vary: 'Accept-Encoding' }
25 silly get cb [ 200,
25 silly get   { server: 'nginx/1.10.1',
25 silly get     'content-type': 'application/json',
25 silly get     'last-modified': 'Wed, 14 Jun 2017 22:24:08 GMT',
25 silly get     etag: 'W/"5941b788-d5fe"',
25 silly get     'content-encoding': 'gzip',
25 silly get     'cache-control': 'max-age=300',
25 silly get     'content-length': '6109',
25 silly get     'accept-ranges': 'bytes',
25 silly get     date: 'Tue, 20 Jun 2017 23:11:16 GMT',
25 silly get     via: '1.1 varnish',
25 silly get     age: '0',
25 silly get     connection: 'keep-alive',
25 silly get     'x-served-by': 'cache-ord1742-ORD',
25 silly get     'x-cache': 'HIT',
25 silly get     'x-cache-hits': '1',
25 silly get     'x-timer': 'S1498000276.385801,VS0,VE19',
25 silly get     vary: 'Accept-Encoding' } ]
26 verbose get saving surge to /Users/nathanostrander/.npm/registry.npmjs.org/surge/.cache.json
27 verbose correctMkdir /Users/nathanostrander/.npm correctMkdir not in flight; initializing
28 silly addNameTag next cb for surge with tag latest
29 silly addNamed surge@0.19.0
30 verbose addNamed "0.19.0" is a plain semver version for surge
31 silly mapToRegistry name surge
32 silly mapToRegistry using default registry
33 silly mapToRegistry registry https://registry.npmjs.org/
34 silly mapToRegistry data Result {
34 silly mapToRegistry   raw: 'surge',
34 silly mapToRegistry   scope: null,
34 silly mapToRegistry   name: 'surge',
34 silly mapToRegistry   rawSpec: '',
34 silly mapToRegistry   spec: 'latest',
34 silly mapToRegistry   type: 'tag' }
35 silly mapToRegistry uri https://registry.npmjs.org/surge
36 verbose addRemoteTarball https://registry.npmjs.org/surge/-/surge-0.19.0.tgz not in flight; adding
37 verbose addRemoteTarball [ 'https://registry.npmjs.org/surge/-/surge-0.19.0.tgz',
37 verbose addRemoteTarball   'ae430df0f2832ba24aa379b7766586fe68b7239c' ]
38 info retry fetch attempt 1 at 6:11:16 PM
39 info attempt registry request try #1 at 6:11:16 PM
40 http fetch GET https://registry.npmjs.org/surge/-/surge-0.19.0.tgz
41 http fetch 200 https://registry.npmjs.org/surge/-/surge-0.19.0.tgz
42 silly fetchAndShaCheck shasum ae430df0f2832ba24aa379b7766586fe68b7239c
43 verbose addTmpTarball /var/folders/sr/50g3_v1d6593cz2njk7ssx100000gn/T/npm-49968-4fcbc6e1/registry.npmjs.org/surge/-/surge-0.19.0.tgz not in flight; adding
44 verbose addTmpTarball already have metadata; skipping unpack for surge@0.19.0
45 verbose correctMkdir /Users/nathanostrander/.npm correctMkdir not in flight; initializing
46 silly cache afterAdd surge@0.19.0
47 verbose afterAdd /Users/nathanostrander/.npm/surge/0.19.0/package/package.json not in flight; writing
48 verbose correctMkdir /Users/nathanostrander/.npm correctMkdir not in flight; initializing
49 verbose afterAdd /Users/nathanostrander/.npm/surge/0.19.0/package/package.json written
50 silly install resolved [ { name: 'surge',
50 silly install resolved     version: '0.19.0',
50 silly install resolved     description: 'CDN for front-end developers',
50 silly install resolved     author: { name: 'Brock Whitten', email: 'brock@chloi.io' },
50 silly install resolved     bin: { surge: './lib/cli.js' },
50 silly install resolved     dependencies:
50 silly install resolved      { du: '0.1.0',
50 silly install resolved        'fstream-ignore': '1.0.2',
50 silly install resolved        'is-domain': '0.0.1',
50 silly install resolved        moniker: '0.1.2',
50 silly install resolved        netrc: '0.1.4',
50 silly install resolved        prompt: '~0.2.14',
50 silly install resolved        progress: '1.1.8',
50 silly install resolved        request: '2.40.0',
50 silly install resolved        split: '0.3.1',
50 silly install resolved        'surge-ignore': '0.2.0',
50 silly install resolved        tar: '1.0.0',
50 silly install resolved        'tar.gz': '0.1.1',
50 silly install resolved        'url-parse-as-address': '1.0.0',
50 silly install resolved        read: '1.0.5',
50 silly install resolved        minimist: '1.1.1' },
50 silly install resolved     devDependencies:
50 silly install resolved      { commander: '2.9.0',
50 silly install resolved        mocha: '*',
50 silly install resolved        nixt: '0.4.1',
50 silly install resolved        should: '7.1.0',
50 silly install resolved        yargs: '3.30.0' },
50 silly install resolved     license: 'ISC',
50 silly install resolved     main: './lib/surge.js',
50 silly install resolved     ignore: [ 'test' ],
50 silly install resolved     scripts:
50 silly install resolved      { test: 'mocha -t 5000',
50 silly install resolved        'test:local': 'ENDPOINT=\'localhost:5001\' ./node_modules/.bin/mocha' },
50 silly install resolved     repository: { type: 'git', url: 'git+https://github.com/sintaxi/surge.git' },
50 silly install resolved     gitHead: '0d7e643c48cbe450831ee6dba7e9441ba7361f5e',
50 silly install resolved     bugs: { url: 'https://github.com/sintaxi/surge/issues' },
50 silly install resolved     homepage: 'https://github.com/sintaxi/surge#readme',
50 silly install resolved     _id: 'surge@0.19.0',
50 silly install resolved     _shasum: 'ae430df0f2832ba24aa379b7766586fe68b7239c',
50 silly install resolved     _from: 'surge@latest',
50 silly install resolved     _npmVersion: '3.10.10',
50 silly install resolved     _nodeVersion: '6.10.0',
50 silly install resolved     _npmUser: { name: 'sintaxi', email: 'brock@sintaxi.com' },
50 silly install resolved     dist:
50 silly install resolved      { shasum: 'ae430df0f2832ba24aa379b7766586fe68b7239c',
50 silly install resolved        tarball: 'https://registry.npmjs.org/surge/-/surge-0.19.0.tgz' },
50 silly install resolved     maintainers: [ [Object], [Object] ],
50 silly install resolved     _npmOperationalInternal:
50 silly install resolved      { host: 'packages-18-east.internal.npmjs.com',
50 silly install resolved        tmp: 'tmp/surge-0.19.0.tgz_1489752479270_0.5053282622247934' },
50 silly install resolved     directories: {},
50 silly install resolved     _resolved: 'https://registry.npmjs.org/surge/-/surge-0.19.0.tgz' } ]
51 info install surge@0.19.0 into /usr/local/lib
52 info installOne surge@0.19.0
53 verbose installOne of surge to /usr/local/lib not in flight; installing
54 verbose correctMkdir /Users/nathanostrander/.npm/_locks correctMkdir not in flight; initializing
55 verbose lock using /Users/nathanostrander/.npm/_locks/surge-9264acc302f55897.lock for /usr/local/lib/node_modules/surge
56 silly install write writing surge 0.19.0 to /usr/local/lib/node_modules/surge
57 verbose unbuild lib/node_modules/surge
58 silly gentlyRm /usr/local/lib/node_modules/surge is being purged from base /usr/local
59 verbose gentlyRm don't care about contents; nuking /usr/local/lib/node_modules/surge
60 verbose tar unpack /Users/nathanostrander/.npm/surge/0.19.0/package.tgz
61 verbose tar unpacking to /usr/local/lib/node_modules/surge
62 silly gentlyRm /usr/local/lib/node_modules/surge is being purged
63 verbose gentlyRm don't care about contents; nuking /usr/local/lib/node_modules/surge
64 silly gunzTarPerm modes [ '755', '644' ]
65 error tar.unpack untar error /Users/nathanostrander/.npm/surge/0.19.0/package.tgz
66 verbose unlock done using /Users/nathanostrander/.npm/_locks/surge-9264acc302f55897.lock for /usr/local/lib/node_modules/surge
67 verbose fstream_path /usr/local/lib/node_modules/surge
68 verbose fstream_type Directory
69 verbose fstream_class DirWriter
70 verbose stack Error: EACCES: permission denied, mkdir '/usr/local/lib/node_modules/surge'
70 verbose stack     at Error (native)
71 verbose fstream_stack /usr/local/lib/node_modules/npm/node_modules/fstream/lib/dir-writer.js:35:25
71 verbose fstream_stack /usr/local/lib/node_modules/npm/node_modules/mkdirp/index.js:47:53
71 verbose fstream_stack FSReqWrap.oncomplete (fs.js:82:15)
72 verbose cwd /Users/nathanostrander/workspace/NathanOstrander
73 error Darwin 16.6.0
74 error argv "/usr/local/bin/node" "/usr/local/bin/npm" "install" "--global" "surge"
75 error node v4.4.7
76 error npm  v2.15.8
77 error path /usr/local/lib/node_modules/surge
78 error code EACCES
79 error errno -13
80 error syscall mkdir
81 error Error: EACCES: permission denied, mkdir '/usr/local/lib/node_modules/surge'
81 error     at Error (native)
81 error  { [Error: EACCES: permission denied, mkdir '/usr/local/lib/node_modules/surge']
81 error   errno: -13,
81 error   code: 'EACCES',
81 error   syscall: 'mkdir',
81 error   path: '/usr/local/lib/node_modules/surge',
81 error   fstream_type: 'Directory',
81 error   fstream_path: '/usr/local/lib/node_modules/surge',
81 error   fstream_class: 'DirWriter',
81 error   fstream_stack:
81 error    [ '/usr/local/lib/node_modules/npm/node_modules/fstream/lib/dir-writer.js:35:25',
81 error      '/usr/local/lib/node_modules/npm/node_modules/mkdirp/index.js:47:53',
81 error      'FSReqWrap.oncomplete (fs.js:82:15)' ] }
82 error Please try running this command again as root/Administrator.
83 verbose exit [ -13, true ]
84 verbose unbuild lib/node_modules/surge
85 silly gentlyRm /usr/local/lib/node_modules/surge is being purged from base /usr/local
86 verbose gentlyRm don't care about contents; nuking /usr/local/lib/node_modules/surge
